<?xml version="1.0" encoding="UTF-8"?>
<!-- Generated by org.testng.reporters.JUnitReportReporter -->
<testsuite hostname="DESKTOP-VJ8GD4N" failures="0" tests="1" name="com.orange.testCases.BaseClass" time="7.903" errors="0" timestamp="2024-01-05T20:07:10 IST" skipped="0">
  <testcase classname="com.orange.testCases.BaseClass" name="verifyLogin" time="7.903"/>
  <system-out/>
</testsuite> <!-- com.orange.testCases.BaseClass -->
