<?xml version="1.0" encoding="UTF-8"?>
<!-- Generated by org.testng.reporters.JUnitReportReporter -->
<testsuite hostname="DESKTOP-VJ8GD4N" failures="0" tests="2" name="com.orange.testCases.TC_LOGINTEST" time="11.844" errors="0" timestamp="2024-01-05T15:11:57 IST" skipped="0">
  <testcase classname="com.orange.testCases.TC_LOGINTEST" name="verifyLogin" time="10.121"/>
  <system-out/>
  <testcase classname="com.orange.testCases.TC_LOGINTEST" name="verifyLogin" time="1.723"/>
  <system-out/>
</testsuite> <!-- com.orange.testCases.TC_LOGINTEST -->
