<?xml version="1.0" encoding="UTF-8"?>
<!-- Generated by org.testng.reporters.JUnitReportReporter -->
<testsuite hostname="DESKTOP-VJ8GD4N" failures="0" tests="1" name="orange.LoginPage" time="18.875" errors="0" timestamp="2023-12-28T15:56:45 IST" skipped="0">
  <testcase classname="orange.LoginPage" name="verifyLogin" time="18.875"/>
</testsuite> <!-- orange.LoginPage -->
