<?xml version="1.0" encoding="UTF-8"?>
<!-- Generated by org.testng.reporters.JUnitReportReporter -->
<testsuite hostname="DESKTOP-VJ8GD4N" failures="0" tests="1" name="com.orange.testCases.TC_LOGINTEST" time="43.488" errors="0" timestamp="2024-01-06T19:57:25 IST" skipped="0">
  <testcase classname="com.orange.testCases.TC_LOGINTEST" name="verifyLogin" time="43.488"/>
  <system-out/>
</testsuite> <!-- com.orange.testCases.TC_LOGINTEST -->
