<?xml version="1.0" encoding="UTF-8"?>
<!-- Generated by org.testng.reporters.JUnitReportReporter -->
<testsuite hostname="DESKTOP-MQT2582" failures="0" tests="1" name="orange.LoginPage" time="11.180" errors="0" timestamp="2024-01-05T13:58:47 IST" skipped="0">
  <testcase classname="orange.LoginPage" name="verifyLogin" time="11.180"/>
</testsuite> <!-- orange.LoginPage -->
