<?xml version="1.0" encoding="UTF-8"?>
<!-- Generated by org.testng.reporters.JUnitReportReporter -->
<testsuite hostname="DESKTOP-MQT2582" failures="0" tests="1" name="orange.LoginPage" time="6.000" errors="0" timestamp="2024-01-05T13:25:10 IST" skipped="0">
  <testcase classname="orange.LoginPage" name="verifyLogin" time="6.000"/>
  <system-out/>
</testsuite> <!-- orange.LoginPage -->
