<?xml version="1.0" encoding="UTF-8"?>
<!-- Generated by org.testng.reporters.JUnitReportReporter -->
<testsuite hostname="DESKTOP-VJ8GD4N" failures="0" tests="1" name="orange.LoginPage" time="27.226" errors="0" timestamp="2024-01-04T11:51:31 IST" skipped="0">
  <testcase classname="orange.LoginPage" name="verifyLogin" time="27.226"/>
  <system-out/>
</testsuite> <!-- orange.LoginPage -->
