<?xml version="1.0" encoding="UTF-8"?>
<!-- Generated by org.testng.reporters.JUnitReportReporter -->
<testsuite hostname="DESKTOP-VJ8GD4N" failures="0" tests="1" name="orange.LoginPage" time="49.760" errors="0" timestamp="2023-12-28T16:17:15 IST" skipped="0">
  <testcase classname="orange.LoginPage" name="verifyLogin" time="49.760"/>
</testsuite> <!-- orange.LoginPage -->
